<?xml version="1.0" encoding="UTF-8"?>
<testng-results skipped="0" failed="0" ignored="0" total="1" passed="1">
  <reporter-output>
  </reporter-output>
  <suite name="Command line suite" duration-ms="155750" started-at="2022-01-14T15:25:12Z" finished-at="2022-01-14T15:27:48Z">
    <groups>
      <group name="cucumber">
        <method signature="AbstractTestNGCucumberTests.runScenario(io.cucumber.testng.PickleWrapper, io.cucumber.testng.FeatureWrapper)[pri:0, instance:runner.TestRunner@589838eb]" name="runScenario" class="io.cucumber.testng.AbstractTestNGCucumberTests"/>
        <method signature="AbstractTestNGCucumberTests.runScenario(io.cucumber.testng.PickleWrapper, io.cucumber.testng.FeatureWrapper)[pri:0, instance:tests.TestBase@42dafa95]" name="runScenario" class="io.cucumber.testng.AbstractTestNGCucumberTests"/>
      </group> <!-- cucumber -->
    </groups>
    <test name="Command line test" duration-ms="155750" started-at="2022-01-14T15:25:12Z" finished-at="2022-01-14T15:27:48Z">
      <class name="tests.TestBase">
        <test-method status="PASS" signature="setUpClass()[pri:0, instance:tests.TestBase@42dafa95]" name="setUpClass" is-config="true" duration-ms="17" started-at="2022-01-14T15:27:48Z" finished-at="2022-01-14T15:27:48Z">
          <reporter-output>
          </reporter-output>
        </test-method> <!-- setUpClass -->
        <test-method status="PASS" signature="tearDownClass()[pri:0, instance:tests.TestBase@42dafa95]" name="tearDownClass" is-config="true" duration-ms="1" started-at="2022-01-14T15:27:48Z" finished-at="2022-01-14T15:27:48Z">
          <reporter-output>
          </reporter-output>
        </test-method> <!-- tearDownClass -->
      </class> <!-- tests.TestBase -->
      <class name="runner.TestRunner">
        <test-method status="PASS" signature="setUpClass()[pri:0, instance:runner.TestRunner@589838eb]" name="setUpClass" is-config="true" duration-ms="471" started-at="2022-01-14T15:25:12Z" finished-at="2022-01-14T15:25:12Z">
          <reporter-output>
          </reporter-output>
        </test-method> <!-- setUpClass -->
        <test-method status="PASS" signature="runScenario(io.cucumber.testng.PickleWrapper, io.cucumber.testng.FeatureWrapper)[pri:0, instance:runner.TestRunner@589838eb]" name="runScenario" duration-ms="155208" started-at="2022-01-14T15:25:12Z" description="Runs Cucumber Scenarios" data-provider="scenarios" finished-at="2022-01-14T15:27:48Z">
          <params>
            <param index="0">
              <value>
                <![CDATA["The user can add new task again"]]>
              </value>
            </param>
            <param index="1">
              <value>
                <![CDATA["Optional[Create New Task]"]]>
              </value>
            </param>
          </params>
          <reporter-output>
          </reporter-output>
        </test-method> <!-- runScenario -->
        <test-method status="PASS" signature="tearDownClass()[pri:0, instance:runner.TestRunner@589838eb]" name="tearDownClass" is-config="true" duration-ms="38" started-at="2022-01-14T15:27:48Z" finished-at="2022-01-14T15:27:48Z">
          <reporter-output>
          </reporter-output>
        </test-method> <!-- tearDownClass -->
      </class> <!-- runner.TestRunner -->
    </test> <!-- Command line test -->
  </suite> <!-- Command line suite -->
</testng-results>
